  ConsoleApplication1.cpp
C:\Users\danii\source\repos\ConsoleApplication1\ConsoleApplication1.cpp(254,20): warning C4267: return: преобразование из "size_t" в "int"; возможна потеря данных
C:\Users\danii\source\repos\ConsoleApplication1\ConsoleApplication1.cpp(266,20): warning C4267: return: преобразование из "size_t" в "int"; возможна потеря данных
C:\Users\danii\source\repos\ConsoleApplication1\ConsoleApplication1.cpp(596,43): warning C4267: аргумент: преобразование из "size_t" в "InterceptionDevice"; возможна потеря данных
C:\Users\danii\source\repos\ConsoleApplication1\ConsoleApplication1.cpp(597,38): warning C4267: аргумент: преобразование из "size_t" в "InterceptionDevice"; возможна потеря данных
C:\Users\danii\source\repos\ConsoleApplication1\ConsoleApplication1.cpp(600,17): warning C4267: аргумент: преобразование из "size_t" в "InterceptionDevice"; возможна потеря данных
C:\Users\danii\source\repos\ConsoleApplication1\ConsoleApplication1.cpp(604,26): warning C4267: =: преобразование из "size_t" в "InterceptionDevice"; возможна потеря данных
C:\Users\danii\source\repos\ConsoleApplication1\ConsoleApplication1.cpp(612,40): warning C4267: аргумент: преобразование из "size_t" в "InterceptionDevice"; возможна потеря данных
C:\Users\danii\source\repos\ConsoleApplication1\ConsoleApplication1.cpp(613,35): warning C4267: аргумент: преобразование из "size_t" в "InterceptionDevice"; возможна потеря данных
C:\Users\danii\source\repos\ConsoleApplication1\ConsoleApplication1.cpp(615,65): warning C4267: аргумент: преобразование из "size_t" в "InterceptionDevice"; возможна потеря данных
C:\Users\danii\source\repos\ConsoleApplication1\ConsoleApplication1.cpp(618,25): warning C4267: =: преобразование из "size_t" в "InterceptionDevice"; возможна потеря данных
C:\Users\danii\source\repos\ConsoleApplication1\ConsoleApplication1.cpp(830,59): warning C4267: аргумент: преобразование из "size_t" в "_Ty"; возможна потеря данных
C:\Users\danii\source\repos\ConsoleApplication1\ConsoleApplication1.cpp(830,59): warning C4267:         with
C:\Users\danii\source\repos\ConsoleApplication1\ConsoleApplication1.cpp(830,59): warning C4267:         [
C:\Users\danii\source\repos\ConsoleApplication1\ConsoleApplication1.cpp(830,59): warning C4267:             _Ty=int
C:\Users\danii\source\repos\ConsoleApplication1\ConsoleApplication1.cpp(830,59): warning C4267:         ]
C:\Users\danii\source\repos\ConsoleApplication1\ConsoleApplication1.cpp(874,59): warning C4267: аргумент: преобразование из "size_t" в "_Ty"; возможна потеря данных
C:\Users\danii\source\repos\ConsoleApplication1\ConsoleApplication1.cpp(874,59): warning C4267:         with
C:\Users\danii\source\repos\ConsoleApplication1\ConsoleApplication1.cpp(874,59): warning C4267:         [
C:\Users\danii\source\repos\ConsoleApplication1\ConsoleApplication1.cpp(874,59): warning C4267:             _Ty=int
C:\Users\danii\source\repos\ConsoleApplication1\ConsoleApplication1.cpp(874,59): warning C4267:         ]
C:\Users\danii\source\repos\ConsoleApplication1\ConsoleApplication1.cpp(530,29): warning C4101: mstroke: неиспользованная локальная переменная
C:\Users\danii\source\repos\ConsoleApplication1\ConsoleApplication1.cpp(529,27): warning C4101: kstroke: неиспользованная локальная переменная
  Создание кода
  2 of 624 functions ( 0.3%) were compiled, the rest were copied from previous compilation.
    0 functions were new in current compilation
    0 functions had inline decision re-evaluated but remain unchanged
  Создание кода завершено
  ConsoleApplication1.vcxproj -> C:\Users\danii\source\repos\ConsoleApplication1\x64\Release\ConsoleApplication1.exe
